<?xml version="1.0" encoding="UTF-8"?>
<coverage generated="1744367287473" clover="3.2.0">
  <project timestamp="1744367287473" name="All files">
    <metrics statements="30" coveredstatements="30" conditionals="12" coveredconditionals="11" methods="11" coveredmethods="11" elements="53" coveredelements="52" complexity="0" loc="30" ncloc="30" packages="1" files="2" classes="2"/>
    <file name="filterReferees.ts" path="C:\Users\User\Desktop\An2Sem2\MPP\BasketballRef\frontend\src\utils\filterReferees.ts">
      <metrics statements="9" coveredstatements="9" conditionals="3" coveredconditionals="3" methods="4" coveredmethods="4"/>
      <line num="11" count="1" type="stmt"/>
      <line num="17" count="4" type="stmt"/>
      <line num="20" count="12" type="cond" truecount="1" falsecount="0"/>
      <line num="21" count="3" type="stmt"/>
      <line num="25" count="11" type="stmt"/>
      <line num="26" count="11" type="stmt"/>
      <line num="30" count="8" type="stmt"/>
      <line num="31" count="8" type="stmt"/>
      <line num="32" count="8" type="cond" truecount="2" falsecount="0"/>
    </file>
    <file name="stats.ts" path="C:\Users\User\Desktop\An2Sem2\MPP\BasketballRef\frontend\src\utils\stats.ts">
      <metrics statements="21" coveredstatements="21" conditionals="9" coveredconditionals="8" methods="7" coveredmethods="7"/>
      <line num="8" count="2" type="stmt"/>
      <line num="9" count="3" type="cond" truecount="1" falsecount="0"/>
      <line num="10" count="4" type="cond" truecount="1" falsecount="1"/>
      <line num="17" count="2" type="stmt"/>
      <line num="18" count="3" type="cond" truecount="1" falsecount="0"/>
      <line num="19" count="4" type="cond" truecount="2" falsecount="0"/>
      <line num="26" count="2" type="stmt"/>
      <line num="27" count="5" type="cond" truecount="1" falsecount="0"/>
      <line num="28" count="12" type="stmt"/>
      <line num="29" count="4" type="stmt"/>
      <line num="37" count="2" type="stmt"/>
      <line num="38" count="3" type="cond" truecount="1" falsecount="0"/>
      <line num="39" count="2" type="stmt"/>
      <line num="40" count="2" type="stmt"/>
      <line num="41" count="2" type="stmt"/>
      <line num="43" count="2" type="stmt"/>
      <line num="44" count="4" type="stmt"/>
      <line num="45" count="4" type="cond" truecount="1" falsecount="0"/>
      <line num="46" count="2" type="stmt"/>
      <line num="47" count="2" type="stmt"/>
      <line num="50" count="2" type="stmt"/>
    </file>
  </project>
</coverage>
