{"C:\\Users\\User\\Desktop\\An2Sem2\\MPP\\BasketballRef\\frontend\\src\\utils\\filterReferees.ts": {"path":"C:\\Users\\User\\Desktop\\An2Sem2\\MPP\\BasketballRef\\frontend\\src\\utils\\filterReferees.ts","statementMap":{"0":{"start":{"line":11,"column":0},"end":{"line":11,"column":16}},"1":{"start":{"line":17,"column":2},"end":{"line":35,"column":7}},"2":{"start":{"line":20,"column":6},"end":{"line":20,"column":37}},"3":{"start":{"line":20,"column":25},"end":{"line":20,"column":37}},"4":{"start":{"line":21,"column":6},"end":{"line":21,"column":69}},"5":{"start":{"line":25,"column":23},"end":{"line":25,"column":71}},"6":{"start":{"line":26,"column":6},"end":{"line":26,"column":57}},"7":{"start":{"line":30,"column":20},"end":{"line":30,"column":64}},"8":{"start":{"line":31,"column":20},"end":{"line":31,"column":64}},"9":{"start":{"line":32,"column":6},"end":{"line":34,"column":37}}},"fnMap":{"0":{"name":"filterReferees","decl":{"start":{"line":11,"column":16},"end":{"line":11,"column":30}},"loc":{"start":{"line":15,"column":20},"end":{"line":36,"column":1}}},"1":{"name":"(anonymous_1)","decl":{"start":{"line":19,"column":12},"end":{"line":19,"column":13}},"loc":{"start":{"line":19,"column":20},"end":{"line":22,"column":5}}},"2":{"name":"(anonymous_2)","decl":{"start":{"line":24,"column":12},"end":{"line":24,"column":13}},"loc":{"start":{"line":24,"column":20},"end":{"line":27,"column":5}}},"3":{"name":"(anonymous_3)","decl":{"start":{"line":29,"column":10},"end":{"line":29,"column":11}},"loc":{"start":{"line":29,"column":19},"end":{"line":35,"column":5}}}},"branchMap":{"0":{"loc":{"start":{"line":20,"column":6},"end":{"line":20,"column":37}},"type":"if","locations":[{"start":{"line":20,"column":6},"end":{"line":20,"column":37}}]},"1":{"loc":{"start":{"line":32,"column":13},"end":{"line":34,"column":36}},"type":"cond-expr","locations":[{"start":{"line":33,"column":10},"end":{"line":33,"column":36}},{"start":{"line":34,"column":10},"end":{"line":34,"column":36}}]}},"s":{"0":1,"1":4,"2":12,"3":9,"4":3,"5":11,"6":11,"7":8,"8":8,"9":8},"f":{"0":4,"1":12,"2":11,"3":8},"b":{"0":[9],"1":[4,4]}}
,"C:\\Users\\User\\Desktop\\An2Sem2\\MPP\\BasketballRef\\frontend\\src\\utils\\stats.ts": {"path":"C:\\Users\\User\\Desktop\\An2Sem2\\MPP\\BasketballRef\\frontend\\src\\utils\\stats.ts","statementMap":{"0":{"start":{"line":8,"column":0},"end":{"line":8,"column":16}},"1":{"start":{"line":17,"column":0},"end":{"line":17,"column":16}},"2":{"start":{"line":26,"column":0},"end":{"line":26,"column":16}},"3":{"start":{"line":37,"column":0},"end":{"line":37,"column":16}},"4":{"start":{"line":9,"column":2},"end":{"line":9,"column":37}},"5":{"start":{"line":9,"column":25},"end":{"line":9,"column":37}},"6":{"start":{"line":10,"column":2},"end":{"line":10,"column":75}},"7":{"start":{"line":10,"column":37},"end":{"line":10,"column":72}},"8":{"start":{"line":18,"column":2},"end":{"line":18,"column":37}},"9":{"start":{"line":18,"column":25},"end":{"line":18,"column":37}},"10":{"start":{"line":19,"column":2},"end":{"line":19,"column":75}},"11":{"start":{"line":19,"column":37},"end":{"line":19,"column":72}},"12":{"start":{"line":27,"column":2},"end":{"line":27,"column":34}},"13":{"start":{"line":27,"column":25},"end":{"line":27,"column":34}},"14":{"start":{"line":28,"column":16},"end":{"line":28,"column":61}},"15":{"start":{"line":28,"column":42},"end":{"line":28,"column":57}},"16":{"start":{"line":29,"column":2},"end":{"line":29,"column":29}},"17":{"start":{"line":38,"column":2},"end":{"line":38,"column":37}},"18":{"start":{"line":38,"column":25},"end":{"line":38,"column":37}},"19":{"start":{"line":39,"column":14},"end":{"line":39,"column":35}},"20":{"start":{"line":40,"column":19},"end":{"line":40,"column":26}},"21":{"start":{"line":41,"column":16},"end":{"line":41,"column":48}},"22":{"start":{"line":43,"column":2},"end":{"line":49,"column":3}},"23":{"start":{"line":43,"column":15},"end":{"line":43,"column":16}},"24":{"start":{"line":44,"column":17},"end":{"line":44,"column":46}},"25":{"start":{"line":45,"column":4},"end":{"line":48,"column":5}},"26":{"start":{"line":46,"column":6},"end":{"line":46,"column":21}},"27":{"start":{"line":47,"column":6},"end":{"line":47,"column":27}},"28":{"start":{"line":50,"column":2},"end":{"line":50,"column":20}}},"fnMap":{"0":{"name":"getHighestGradeReferee","decl":{"start":{"line":8,"column":16},"end":{"line":8,"column":38}},"loc":{"start":{"line":8,"column":54},"end":{"line":11,"column":1}}},"1":{"name":"(anonymous_1)","decl":{"start":{"line":10,"column":21},"end":{"line":10,"column":22}},"loc":{"start":{"line":10,"column":37},"end":{"line":10,"column":72}}},"2":{"name":"getLowestGradeReferee","decl":{"start":{"line":17,"column":16},"end":{"line":17,"column":37}},"loc":{"start":{"line":17,"column":53},"end":{"line":20,"column":1}}},"3":{"name":"(anonymous_3)","decl":{"start":{"line":19,"column":21},"end":{"line":19,"column":22}},"loc":{"start":{"line":19,"column":37},"end":{"line":19,"column":72}}},"4":{"name":"getAverageGrade","decl":{"start":{"line":26,"column":16},"end":{"line":26,"column":31}},"loc":{"start":{"line":26,"column":47},"end":{"line":30,"column":1}}},"5":{"name":"(anonymous_5)","decl":{"start":{"line":28,"column":28},"end":{"line":28,"column":29}},"loc":{"start":{"line":28,"column":42},"end":{"line":28,"column":57}}},"6":{"name":"getClosestToAverageGradeReferee","decl":{"start":{"line":37,"column":16},"end":{"line":37,"column":47}},"loc":{"start":{"line":37,"column":63},"end":{"line":51,"column":1}}}},"branchMap":{"0":{"loc":{"start":{"line":9,"column":2},"end":{"line":9,"column":37}},"type":"if","locations":[{"start":{"line":9,"column":2},"end":{"line":9,"column":37}}]},"1":{"loc":{"start":{"line":10,"column":37},"end":{"line":10,"column":72}},"type":"cond-expr","locations":[{"start":{"line":10,"column":62},"end":{"line":10,"column":66}},{"start":{"line":10,"column":69},"end":{"line":10,"column":72}}]},"2":{"loc":{"start":{"line":18,"column":2},"end":{"line":18,"column":37}},"type":"if","locations":[{"start":{"line":18,"column":2},"end":{"line":18,"column":37}}]},"3":{"loc":{"start":{"line":19,"column":37},"end":{"line":19,"column":72}},"type":"cond-expr","locations":[{"start":{"line":19,"column":62},"end":{"line":19,"column":66}},{"start":{"line":19,"column":69},"end":{"line":19,"column":72}}]},"4":{"loc":{"start":{"line":27,"column":2},"end":{"line":27,"column":34}},"type":"if","locations":[{"start":{"line":27,"column":2},"end":{"line":27,"column":34}}]},"5":{"loc":{"start":{"line":38,"column":2},"end":{"line":38,"column":37}},"type":"if","locations":[{"start":{"line":38,"column":2},"end":{"line":38,"column":37}}]},"6":{"loc":{"start":{"line":45,"column":4},"end":{"line":48,"column":5}},"type":"if","locations":[{"start":{"line":45,"column":4},"end":{"line":48,"column":5}}]}},"s":{"0":2,"1":2,"2":2,"3":2,"4":3,"5":1,"6":2,"7":4,"8":3,"9":1,"10":2,"11":4,"12":5,"13":1,"14":4,"15":12,"16":4,"17":3,"18":1,"19":2,"20":2,"21":2,"22":2,"23":2,"24":4,"25":4,"26":2,"27":2,"28":2},"f":{"0":3,"1":4,"2":3,"3":4,"4":5,"5":12,"6":3},"b":{"0":[1],"1":[0,4],"2":[1],"3":[1,3],"4":[1],"5":[1],"6":[2]}}
}
