TN:
SF:src\utils\filterReferees.ts
FN:11,filterReferees
FN:19,(anonymous_1)
FN:24,(anonymous_2)
FN:29,(anonymous_3)
FNF:4
FNH:4
FNDA:4,filterReferees
FNDA:12,(anonymous_1)
FNDA:11,(anonymous_2)
FNDA:8,(anonymous_3)
DA:11,1
DA:17,4
DA:20,12
DA:21,3
DA:25,11
DA:26,11
DA:30,8
DA:31,8
DA:32,8
LF:9
LH:9
BRDA:20,0,0,9
BRDA:32,1,0,4
BRDA:32,1,1,4
BRF:3
BRH:3
end_of_record
TN:
SF:src\utils\stats.ts
FN:8,getHighestGradeReferee
FN:10,(anonymous_1)
FN:17,getLowestGradeReferee
FN:19,(anonymous_3)
FN:26,getAverageGrade
FN:28,(anonymous_5)
FN:37,getClosestToAverageGradeReferee
FNF:7
FNH:7
FNDA:3,getHighestGradeReferee
FNDA:4,(anonymous_1)
FNDA:3,getLowestGradeReferee
FNDA:4,(anonymous_3)
FNDA:5,getAverageGrade
FNDA:12,(anonymous_5)
FNDA:3,getClosestToAverageGradeReferee
DA:8,2
DA:9,3
DA:10,4
DA:17,2
DA:18,3
DA:19,4
DA:26,2
DA:27,5
DA:28,12
DA:29,4
DA:37,2
DA:38,3
DA:39,2
DA:40,2
DA:41,2
DA:43,2
DA:44,4
DA:45,4
DA:46,2
DA:47,2
DA:50,2
LF:21
LH:21
BRDA:9,0,0,1
BRDA:10,1,0,0
BRDA:10,1,1,4
BRDA:18,2,0,1
BRDA:19,3,0,1
BRDA:19,3,1,3
BRDA:27,4,0,1
BRDA:38,5,0,1
BRDA:45,6,0,2
BRF:9
BRH:8
end_of_record
