<?xml version="1.0" encoding="UTF-8"?>
<coverage generated="1744329789640" clover="3.2.0">
  <project timestamp="1744329789640" name="All files">
    <metrics statements="143" coveredstatements="117" conditionals="96" coveredconditionals="61" methods="20" coveredmethods="19" elements="259" coveredelements="197" complexity="0" loc="143" ncloc="143" packages="2" files="2" classes="2"/>
    <package name="controllers">
      <metrics statements="142" coveredstatements="116" conditionals="96" coveredconditionals="61" methods="20" coveredmethods="19"/>
      <file name="refereesController.ts" path="C:\Users\User\Desktop\An2Sem2\MPP\BasketballRef\backend\src\controllers\refereesController.ts">
        <metrics statements="142" coveredstatements="116" conditionals="96" coveredconditionals="61" methods="20" coveredmethods="19"/>
        <line num="4" count="1" type="stmt"/>
        <line num="9" count="1" type="stmt"/>
        <line num="10" count="7" type="stmt"/>
        <line num="11" count="7" type="stmt"/>
        <line num="14" count="1" type="stmt"/>
        <line num="15" count="7" type="cond" truecount="3" falsecount="0"/>
        <line num="18" count="1" type="stmt"/>
        <line num="19" count="8" type="cond" truecount="3" falsecount="0"/>
        <line num="22" count="1" type="stmt"/>
        <line num="23" count="7" type="cond" truecount="2" falsecount="0"/>
        <line num="26" count="1" type="stmt"/>
        <line num="27" count="7" type="cond" truecount="0" falsecount="1"/>
        <line num="28" count="7" type="stmt"/>
        <line num="29" count="7" type="stmt"/>
        <line num="30" count="7" type="stmt"/>
        <line num="32" count="0" type="stmt"/>
        <line num="36" count="1" type="stmt"/>
        <line num="37" count="14" type="cond" truecount="0" falsecount="1"/>
        <line num="38" count="14" type="stmt"/>
        <line num="39" count="14" type="cond" truecount="0" falsecount="1"/>
        <line num="40" count="0" type="stmt"/>
        <line num="42" count="14" type="stmt"/>
        <line num="43" count="14" type="stmt"/>
        <line num="44" count="14" type="stmt"/>
        <line num="45" count="14" type="stmt"/>
        <line num="48" count="14" type="cond" truecount="5" falsecount="1"/>
        <line num="49" count="0" type="stmt"/>
        <line num="52" count="14" type="stmt"/>
        <line num="53" count="14" type="stmt"/>
        <line num="56" count="1" type="stmt"/>
        <line num="57" count="7" type="stmt"/>
        <line num="60" count="7" type="cond" truecount="3" falsecount="0"/>
        <line num="61" count="1" type="stmt"/>
        <line num="64" count="7" type="cond" truecount="2" falsecount="1"/>
        <line num="65" count="0" type="stmt"/>
        <line num="68" count="7" type="cond" truecount="2" falsecount="1"/>
        <line num="69" count="0" type="stmt"/>
        <line num="72" count="7" type="cond" truecount="3" falsecount="0"/>
        <line num="73" count="1" type="stmt"/>
        <line num="76" count="7" type="cond" truecount="2" falsecount="1"/>
        <line num="77" count="0" type="stmt"/>
        <line num="80" count="7" type="cond" truecount="2" falsecount="1"/>
        <line num="81" count="0" type="stmt"/>
        <line num="84" count="7" type="cond" truecount="2" falsecount="1"/>
        <line num="85" count="0" type="stmt"/>
        <line num="88" count="7" type="cond" truecount="2" falsecount="1"/>
        <line num="89" count="0" type="stmt"/>
        <line num="92" count="7" type="cond" truecount="2" falsecount="1"/>
        <line num="93" count="0" type="stmt"/>
        <line num="96" count="7" type="cond" truecount="2" falsecount="1"/>
        <line num="97" count="0" type="stmt"/>
        <line num="100" count="7" type="stmt"/>
        <line num="107" count="1" type="stmt"/>
        <line num="108" count="4" type="stmt"/>
        <line num="109" count="4" type="cond" truecount="2" falsecount="0"/>
        <line num="110" count="4" type="stmt"/>
        <line num="113" count="4" type="cond" truecount="1" falsecount="0"/>
        <line num="114" count="3" type="stmt"/>
        <line num="117" count="4" type="cond" truecount="0" falsecount="1"/>
        <line num="118" count="0" type="stmt"/>
        <line num="119" count="0" type="stmt"/>
        <line num="120" count="0" type="stmt"/>
        <line num="125" count="4" type="stmt"/>
        <line num="126" count="1" type="stmt"/>
        <line num="127" count="1" type="stmt"/>
        <line num="129" count="1" type="cond" truecount="3" falsecount="0"/>
        <line num="130" count="1" type="cond" truecount="1" falsecount="1"/>
        <line num="135" count="0" type="cond" truecount="0" falsecount="2"/>
        <line num="141" count="3" type="stmt"/>
        <line num="143" count="1" type="stmt"/>
        <line num="148" count="1" type="stmt"/>
        <line num="149" count="3" type="stmt"/>
        <line num="150" count="3" type="stmt"/>
        <line num="151" count="3" type="stmt"/>
        <line num="153" count="2" type="cond" truecount="1" falsecount="0"/>
        <line num="154" count="1" type="stmt"/>
        <line num="158" count="1" type="stmt"/>
        <line num="161" count="1" type="stmt"/>
        <line num="166" count="1" type="stmt"/>
        <line num="167" count="3" type="stmt"/>
        <line num="168" count="3" type="stmt"/>
        <line num="169" count="3" type="cond" truecount="1" falsecount="0"/>
        <line num="170" count="1" type="stmt"/>
        <line num="173" count="2" type="stmt"/>
        <line num="187" count="2" type="stmt"/>
        <line num="188" count="1" type="stmt"/>
        <line num="190" count="1" type="stmt"/>
        <line num="195" count="1" type="stmt"/>
        <line num="196" count="4" type="stmt"/>
        <line num="197" count="4" type="stmt"/>
        <line num="198" count="4" type="stmt"/>
        <line num="199" count="4" type="cond" truecount="1" falsecount="0"/>
        <line num="200" count="1" type="stmt"/>
        <line num="203" count="3" type="stmt"/>
        <line num="204" count="2" type="cond" truecount="1" falsecount="0"/>
        <line num="205" count="1" type="stmt"/>
        <line num="208" count="1" type="stmt"/>
        <line num="210" count="1" type="stmt"/>
        <line num="212" count="1" type="stmt"/>
        <line num="217" count="1" type="stmt"/>
        <line num="218" count="3" type="stmt"/>
        <line num="219" count="3" type="stmt"/>
        <line num="220" count="3" type="stmt"/>
        <line num="221" count="3" type="stmt"/>
        <line num="223" count="2" type="cond" truecount="0" falsecount="1"/>
        <line num="224" count="0" type="stmt"/>
        <line num="228" count="2" type="stmt"/>
        <line num="230" count="2" type="cond" truecount="1" falsecount="2"/>
        <line num="231" count="0" type="stmt"/>
        <line num="234" count="2" type="cond" truecount="2" falsecount="1"/>
        <line num="235" count="0" type="stmt"/>
        <line num="238" count="2" type="cond" truecount="1" falsecount="2"/>
        <line num="239" count="0" type="stmt"/>
        <line num="242" count="2" type="cond" truecount="3" falsecount="0"/>
        <line num="243" count="1" type="stmt"/>
        <line num="246" count="2" type="cond" truecount="1" falsecount="2"/>
        <line num="247" count="0" type="stmt"/>
        <line num="250" count="2" type="cond" truecount="1" falsecount="2"/>
        <line num="251" count="0" type="stmt"/>
        <line num="254" count="2" type="cond" truecount="1" falsecount="2"/>
        <line num="255" count="0" type="stmt"/>
        <line num="258" count="2" type="cond" truecount="1" falsecount="2"/>
        <line num="259" count="0" type="stmt"/>
        <line num="262" count="2" type="cond" truecount="0" falsecount="1"/>
        <line num="263" count="0" type="cond" truecount="0" falsecount="1"/>
        <line num="264" count="0" type="stmt"/>
        <line num="268" count="2" type="cond" truecount="1" falsecount="2"/>
        <line num="269" count="0" type="stmt"/>
        <line num="272" count="2" type="cond" truecount="1" falsecount="0"/>
        <line num="273" count="1" type="stmt"/>
        <line num="276" count="1" type="stmt"/>
        <line num="278" count="1" type="stmt"/>
        <line num="280" count="1" type="stmt"/>
        <line num="285" count="1" type="stmt"/>
        <line num="286" count="3" type="stmt"/>
        <line num="287" count="3" type="stmt"/>
        <line num="288" count="3" type="stmt"/>
        <line num="290" count="2" type="cond" truecount="1" falsecount="0"/>
        <line num="291" count="1" type="stmt"/>
        <line num="294" count="1" type="stmt"/>
        <line num="295" count="1" type="stmt"/>
        <line num="298" count="1" type="stmt"/>
      </file>
    </package>
    <package name="data">
      <metrics statements="1" coveredstatements="1" conditionals="0" coveredconditionals="0" methods="0" coveredmethods="0"/>
      <file name="refereesData.ts" path="C:\Users\User\Desktop\An2Sem2\MPP\BasketballRef\backend\src\data\refereesData.ts">
        <metrics statements="1" coveredstatements="1" conditionals="0" coveredconditionals="0" methods="0" coveredmethods="0"/>
        <line num="4" count="1" type="stmt"/>
      </file>
    </package>
  </project>
</coverage>
