{"C:\\Users\\User\\Desktop\\An2Sem2\\MPP\\BasketballRef\\backend\\src\\controllers\\refereesController.ts": {"path":"C:\\Users\\User\\Desktop\\An2Sem2\\MPP\\BasketballRef\\backend\\src\\controllers\\refereesController.ts","statementMap":{"0":{"start":{"line":4,"column":0},"end":{"line":4,"column":48}},"1":{"start":{"line":9,"column":22},"end":{"line":12,"column":1}},"2":{"start":{"line":10,"column":23},"end":{"line":10,"column":66}},"3":{"start":{"line":11,"column":2},"end":{"line":11,"column":39}},"4":{"start":{"line":14,"column":21},"end":{"line":16,"column":1}},"5":{"start":{"line":15,"column":2},"end":{"line":15,"column":65}},"6":{"start":{"line":18,"column":19},"end":{"line":20,"column":1}},"7":{"start":{"line":19,"column":2},"end":{"line":19,"column":60}},"8":{"start":{"line":22,"column":29},"end":{"line":24,"column":1}},"9":{"start":{"line":23,"column":2},"end":{"line":23,"column":49}},"10":{"start":{"line":26,"column":21},"end":{"line":34,"column":1}},"11":{"start":{"line":27,"column":2},"end":{"line":27,"column":24}},"12":{"start":{"line":27,"column":12},"end":{"line":27,"column":24}},"13":{"start":{"line":28,"column":2},"end":{"line":33,"column":3}},"14":{"start":{"line":29,"column":4},"end":{"line":29,"column":17}},"15":{"start":{"line":30,"column":4},"end":{"line":30,"column":16}},"16":{"start":{"line":32,"column":4},"end":{"line":32,"column":17}},"17":{"start":{"line":36,"column":20},"end":{"line":54,"column":1}},"18":{"start":{"line":37,"column":2},"end":{"line":37,"column":29}},"19":{"start":{"line":37,"column":16},"end":{"line":37,"column":29}},"20":{"start":{"line":38,"column":20},"end":{"line":38,"column":43}},"21":{"start":{"line":39,"column":2},"end":{"line":41,"column":3}},"22":{"start":{"line":40,"column":4},"end":{"line":40,"column":17}},"23":{"start":{"line":42,"column":38},"end":{"line":42,"column":56}},"24":{"start":{"line":43,"column":16},"end":{"line":43,"column":38}},"25":{"start":{"line":44,"column":14},"end":{"line":44,"column":34}},"26":{"start":{"line":45,"column":15},"end":{"line":45,"column":36}},"27":{"start":{"line":48,"column":2},"end":{"line":50,"column":3}},"28":{"start":{"line":49,"column":4},"end":{"line":49,"column":17}},"29":{"start":{"line":52,"column":15},"end":{"line":52,"column":45}},"30":{"start":{"line":53,"column":2},"end":{"line":53,"column":32}},"31":{"start":{"line":56,"column":28},"end":{"line":104,"column":1}},"32":{"start":{"line":57,"column":27},"end":{"line":57,"column":29}},"33":{"start":{"line":60,"column":2},"end":{"line":62,"column":3}},"34":{"start":{"line":61,"column":4},"end":{"line":61,"column":63}},"35":{"start":{"line":64,"column":2},"end":{"line":66,"column":3}},"36":{"start":{"line":65,"column":4},"end":{"line":65,"column":62}},"37":{"start":{"line":68,"column":2},"end":{"line":70,"column":3}},"38":{"start":{"line":69,"column":4},"end":{"line":69,"column":90}},"39":{"start":{"line":72,"column":2},"end":{"line":74,"column":3}},"40":{"start":{"line":73,"column":4},"end":{"line":73,"column":75}},"41":{"start":{"line":76,"column":2},"end":{"line":78,"column":3}},"42":{"start":{"line":77,"column":4},"end":{"line":77,"column":76}},"43":{"start":{"line":80,"column":2},"end":{"line":82,"column":3}},"44":{"start":{"line":81,"column":4},"end":{"line":81,"column":73}},"45":{"start":{"line":84,"column":2},"end":{"line":86,"column":3}},"46":{"start":{"line":85,"column":4},"end":{"line":85,"column":64}},"47":{"start":{"line":88,"column":2},"end":{"line":90,"column":3}},"48":{"start":{"line":89,"column":4},"end":{"line":89,"column":61}},"49":{"start":{"line":92,"column":2},"end":{"line":94,"column":3}},"50":{"start":{"line":93,"column":4},"end":{"line":93,"column":67}},"51":{"start":{"line":96,"column":2},"end":{"line":98,"column":3}},"52":{"start":{"line":97,"column":4},"end":{"line":97,"column":49}},"53":{"start":{"line":100,"column":2},"end":{"line":103,"column":4}},"54":{"start":{"line":107,"column":30},"end":{"line":145,"column":1}},"55":{"start":{"line":108,"column":2},"end":{"line":144,"column":3}},"56":{"start":{"line":109,"column":68},"end":{"line":109,"column":77}},"57":{"start":{"line":110,"column":27},"end":{"line":110,"column":40}},"58":{"start":{"line":113,"column":4},"end":{"line":115,"column":5}},"59":{"start":{"line":114,"column":6},"end":{"line":114,"column":79}},"60":{"start":{"line":114,"column":56},"end":{"line":114,"column":77}},"61":{"start":{"line":117,"column":4},"end":{"line":122,"column":5}},"62":{"start":{"line":118,"column":25},"end":{"line":118,"column":56}},"63":{"start":{"line":119,"column":6},"end":{"line":121,"column":8}},"64":{"start":{"line":120,"column":8},"end":{"line":120,"column":77}},"65":{"start":{"line":125,"column":4},"end":{"line":138,"column":7}},"66":{"start":{"line":126,"column":21},"end":{"line":126,"column":47}},"67":{"start":{"line":127,"column":21},"end":{"line":127,"column":47}},"68":{"start":{"line":129,"column":6},"end":{"line":133,"column":7}},"69":{"start":{"line":130,"column":8},"end":{"line":132,"column":41}},"70":{"start":{"line":135,"column":6},"end":{"line":137,"column":50}},"71":{"start":{"line":141,"column":4},"end":{"line":141,"column":43}},"72":{"start":{"line":143,"column":4},"end":{"line":143,"column":61}},"73":{"start":{"line":107,"column":13},"end":{"line":107,"column":30}},"74":{"start":{"line":148,"column":30},"end":{"line":163,"column":1}},"75":{"start":{"line":149,"column":2},"end":{"line":162,"column":3}},"76":{"start":{"line":150,"column":19},"end":{"line":150,"column":29}},"77":{"start":{"line":151,"column":20},"end":{"line":151,"column":65}},"78":{"start":{"line":151,"column":39},"end":{"line":151,"column":64}},"79":{"start":{"line":153,"column":4},"end":{"line":155,"column":5}},"80":{"start":{"line":154,"column":6},"end":{"line":154,"column":66}},"81":{"start":{"line":158,"column":4},"end":{"line":158,"column":34}},"82":{"start":{"line":161,"column":4},"end":{"line":161,"column":61}},"83":{"start":{"line":148,"column":13},"end":{"line":148,"column":30}},"84":{"start":{"line":166,"column":29},"end":{"line":192,"column":1}},"85":{"start":{"line":167,"column":2},"end":{"line":191,"column":3}},"86":{"start":{"line":168,"column":23},"end":{"line":168,"column":52}},"87":{"start":{"line":169,"column":4},"end":{"line":171,"column":5}},"88":{"start":{"line":170,"column":6},"end":{"line":170,"column":65}},"89":{"start":{"line":173,"column":32},"end":{"line":185,"column":6}},"90":{"start":{"line":187,"column":4},"end":{"line":187,"column":30}},"91":{"start":{"line":188,"column":4},"end":{"line":188,"column":37}},"92":{"start":{"line":190,"column":4},"end":{"line":190,"column":61}},"93":{"start":{"line":166,"column":13},"end":{"line":166,"column":29}},"94":{"start":{"line":195,"column":29},"end":{"line":214,"column":1}},"95":{"start":{"line":196,"column":2},"end":{"line":213,"column":3}},"96":{"start":{"line":197,"column":19},"end":{"line":197,"column":29}},"97":{"start":{"line":198,"column":23},"end":{"line":198,"column":52}},"98":{"start":{"line":199,"column":4},"end":{"line":201,"column":5}},"99":{"start":{"line":200,"column":6},"end":{"line":200,"column":65}},"100":{"start":{"line":203,"column":18},"end":{"line":203,"column":68}},"101":{"start":{"line":203,"column":42},"end":{"line":203,"column":67}},"102":{"start":{"line":204,"column":4},"end":{"line":206,"column":5}},"103":{"start":{"line":205,"column":6},"end":{"line":205,"column":66}},"104":{"start":{"line":208,"column":4},"end":{"line":208,"column":58}},"105":{"start":{"line":210,"column":4},"end":{"line":210,"column":42}},"106":{"start":{"line":212,"column":4},"end":{"line":212,"column":61}},"107":{"start":{"line":195,"column":13},"end":{"line":195,"column":29}},"108":{"start":{"line":217,"column":36},"end":{"line":282,"column":1}},"109":{"start":{"line":218,"column":2},"end":{"line":281,"column":3}},"110":{"start":{"line":219,"column":19},"end":{"line":219,"column":29}},"111":{"start":{"line":220,"column":20},"end":{"line":220,"column":28}},"112":{"start":{"line":221,"column":18},"end":{"line":221,"column":68}},"113":{"start":{"line":221,"column":42},"end":{"line":221,"column":67}},"114":{"start":{"line":223,"column":4},"end":{"line":225,"column":5}},"115":{"start":{"line":224,"column":6},"end":{"line":224,"column":66}},"116":{"start":{"line":228,"column":39},"end":{"line":228,"column":41}},"117":{"start":{"line":230,"column":4},"end":{"line":232,"column":5}},"118":{"start":{"line":231,"column":6},"end":{"line":231,"column":59}},"119":{"start":{"line":234,"column":4},"end":{"line":236,"column":5}},"120":{"start":{"line":235,"column":6},"end":{"line":235,"column":58}},"121":{"start":{"line":238,"column":4},"end":{"line":240,"column":5}},"122":{"start":{"line":239,"column":6},"end":{"line":239,"column":86}},"123":{"start":{"line":242,"column":4},"end":{"line":244,"column":5}},"124":{"start":{"line":243,"column":6},"end":{"line":243,"column":71}},"125":{"start":{"line":246,"column":4},"end":{"line":248,"column":5}},"126":{"start":{"line":247,"column":6},"end":{"line":247,"column":72}},"127":{"start":{"line":250,"column":4},"end":{"line":252,"column":5}},"128":{"start":{"line":251,"column":6},"end":{"line":251,"column":69}},"129":{"start":{"line":254,"column":4},"end":{"line":256,"column":5}},"130":{"start":{"line":255,"column":6},"end":{"line":255,"column":76}},"131":{"start":{"line":258,"column":4},"end":{"line":260,"column":5}},"132":{"start":{"line":259,"column":6},"end":{"line":259,"column":57}},"133":{"start":{"line":262,"column":4},"end":{"line":266,"column":5}},"134":{"start":{"line":263,"column":6},"end":{"line":265,"column":7}},"135":{"start":{"line":264,"column":8},"end":{"line":264,"column":65}},"136":{"start":{"line":268,"column":4},"end":{"line":270,"column":5}},"137":{"start":{"line":269,"column":6},"end":{"line":269,"column":61}},"138":{"start":{"line":272,"column":4},"end":{"line":274,"column":5}},"139":{"start":{"line":273,"column":6},"end":{"line":273,"column":64}},"140":{"start":{"line":276,"column":4},"end":{"line":276,"column":57}},"141":{"start":{"line":278,"column":4},"end":{"line":278,"column":42}},"142":{"start":{"line":280,"column":4},"end":{"line":280,"column":61}},"143":{"start":{"line":217,"column":13},"end":{"line":217,"column":36}},"144":{"start":{"line":285,"column":29},"end":{"line":300,"column":1}},"145":{"start":{"line":286,"column":2},"end":{"line":299,"column":3}},"146":{"start":{"line":287,"column":19},"end":{"line":287,"column":29}},"147":{"start":{"line":288,"column":18},"end":{"line":288,"column":68}},"148":{"start":{"line":288,"column":42},"end":{"line":288,"column":67}},"149":{"start":{"line":290,"column":4},"end":{"line":292,"column":5}},"150":{"start":{"line":291,"column":6},"end":{"line":291,"column":66}},"151":{"start":{"line":294,"column":4},"end":{"line":294,"column":30}},"152":{"start":{"line":295,"column":4},"end":{"line":295,"column":27}},"153":{"start":{"line":298,"column":4},"end":{"line":298,"column":61}},"154":{"start":{"line":285,"column":13},"end":{"line":285,"column":29}}},"fnMap":{"0":{"name":"(anonymous_0)","decl":{"start":{"line":9,"column":22},"end":{"line":9,"column":23}},"loc":{"start":{"line":9,"column":50},"end":{"line":12,"column":1}}},"1":{"name":"(anonymous_1)","decl":{"start":{"line":14,"column":21},"end":{"line":14,"column":22}},"loc":{"start":{"line":14,"column":48},"end":{"line":16,"column":1}}},"2":{"name":"(anonymous_2)","decl":{"start":{"line":18,"column":19},"end":{"line":18,"column":20}},"loc":{"start":{"line":18,"column":44},"end":{"line":20,"column":1}}},"3":{"name":"(anonymous_3)","decl":{"start":{"line":22,"column":29},"end":{"line":22,"column":30}},"loc":{"start":{"line":22,"column":56},"end":{"line":24,"column":1}}},"4":{"name":"(anonymous_4)","decl":{"start":{"line":26,"column":21},"end":{"line":26,"column":22}},"loc":{"start":{"line":26,"column":46},"end":{"line":34,"column":1}}},"5":{"name":"(anonymous_5)","decl":{"start":{"line":36,"column":20},"end":{"line":36,"column":21}},"loc":{"start":{"line":36,"column":49},"end":{"line":54,"column":1}}},"6":{"name":"(anonymous_6)","decl":{"start":{"line":56,"column":28},"end":{"line":56,"column":29}},"loc":{"start":{"line":56,"column":82},"end":{"line":104,"column":1}}},"7":{"name":"(anonymous_7)","decl":{"start":{"line":107,"column":30},"end":{"line":107,"column":31}},"loc":{"start":{"line":107,"column":62},"end":{"line":145,"column":1}}},"8":{"name":"(anonymous_8)","decl":{"start":{"line":114,"column":49},"end":{"line":114,"column":52}},"loc":{"start":{"line":114,"column":56},"end":{"line":114,"column":77}}},"9":{"name":"(anonymous_9)","decl":{"start":{"line":119,"column":49},"end":{"line":119,"column":52}},"loc":{"start":{"line":120,"column":8},"end":{"line":120,"column":77}}},"10":{"name":"(anonymous_10)","decl":{"start":{"line":125,"column":26},"end":{"line":125,"column":27}},"loc":{"start":{"line":125,"column":35},"end":{"line":138,"column":5}}},"11":{"name":"(anonymous_11)","decl":{"start":{"line":148,"column":30},"end":{"line":148,"column":31}},"loc":{"start":{"line":148,"column":62},"end":{"line":163,"column":1}}},"12":{"name":"(anonymous_12)","decl":{"start":{"line":151,"column":34},"end":{"line":151,"column":35}},"loc":{"start":{"line":151,"column":39},"end":{"line":151,"column":64}}},"13":{"name":"(anonymous_13)","decl":{"start":{"line":166,"column":29},"end":{"line":166,"column":30}},"loc":{"start":{"line":166,"column":61},"end":{"line":192,"column":1}}},"14":{"name":"(anonymous_14)","decl":{"start":{"line":195,"column":29},"end":{"line":195,"column":30}},"loc":{"start":{"line":195,"column":61},"end":{"line":214,"column":1}}},"15":{"name":"(anonymous_15)","decl":{"start":{"line":203,"column":37},"end":{"line":203,"column":38}},"loc":{"start":{"line":203,"column":42},"end":{"line":203,"column":67}}},"16":{"name":"(anonymous_16)","decl":{"start":{"line":217,"column":36},"end":{"line":217,"column":37}},"loc":{"start":{"line":217,"column":68},"end":{"line":282,"column":1}}},"17":{"name":"(anonymous_17)","decl":{"start":{"line":221,"column":37},"end":{"line":221,"column":38}},"loc":{"start":{"line":221,"column":42},"end":{"line":221,"column":67}}},"18":{"name":"(anonymous_18)","decl":{"start":{"line":285,"column":29},"end":{"line":285,"column":30}},"loc":{"start":{"line":285,"column":61},"end":{"line":300,"column":1}}},"19":{"name":"(anonymous_19)","decl":{"start":{"line":288,"column":37},"end":{"line":288,"column":38}},"loc":{"start":{"line":288,"column":42},"end":{"line":288,"column":67}}}},"branchMap":{"0":{"loc":{"start":{"line":15,"column":9},"end":{"line":15,"column":64}},"type":"binary-expr","locations":[{"start":{"line":15,"column":9},"end":{"line":15,"column":34}},{"start":{"line":15,"column":38},"end":{"line":15,"column":48}},{"start":{"line":15,"column":52},"end":{"line":15,"column":64}}]},"1":{"loc":{"start":{"line":19,"column":9},"end":{"line":19,"column":59}},"type":"binary-expr","locations":[{"start":{"line":19,"column":9},"end":{"line":19,"column":32}},{"start":{"line":19,"column":36},"end":{"line":19,"column":45}},{"start":{"line":19,"column":49},"end":{"line":19,"column":59}}]},"2":{"loc":{"start":{"line":23,"column":9},"end":{"line":23,"column":48}},"type":"binary-expr","locations":[{"start":{"line":23,"column":9},"end":{"line":23,"column":34}},{"start":{"line":23,"column":38},"end":{"line":23,"column":48}}]},"3":{"loc":{"start":{"line":27,"column":2},"end":{"line":27,"column":24}},"type":"if","locations":[{"start":{"line":27,"column":2},"end":{"line":27,"column":24}}]},"4":{"loc":{"start":{"line":37,"column":2},"end":{"line":37,"column":29}},"type":"if","locations":[{"start":{"line":37,"column":2},"end":{"line":37,"column":29}}]},"5":{"loc":{"start":{"line":39,"column":2},"end":{"line":41,"column":3}},"type":"if","locations":[{"start":{"line":39,"column":2},"end":{"line":41,"column":3}}]},"6":{"loc":{"start":{"line":48,"column":2},"end":{"line":50,"column":3}},"type":"if","locations":[{"start":{"line":48,"column":2},"end":{"line":50,"column":3}}]},"7":{"loc":{"start":{"line":48,"column":6},"end":{"line":48,"column":67}},"type":"binary-expr","locations":[{"start":{"line":48,"column":6},"end":{"line":48,"column":15}},{"start":{"line":48,"column":19},"end":{"line":48,"column":29}},{"start":{"line":48,"column":33},"end":{"line":48,"column":40}},{"start":{"line":48,"column":44},"end":{"line":48,"column":52}},{"start":{"line":48,"column":56},"end":{"line":48,"column":67}}]},"8":{"loc":{"start":{"line":60,"column":2},"end":{"line":62,"column":3}},"type":"if","locations":[{"start":{"line":60,"column":2},"end":{"line":62,"column":3}}]},"9":{"loc":{"start":{"line":60,"column":6},"end":{"line":60,"column":59}},"type":"binary-expr","locations":[{"start":{"line":60,"column":6},"end":{"line":60,"column":21}},{"start":{"line":60,"column":25},"end":{"line":60,"column":59}}]},"10":{"loc":{"start":{"line":64,"column":2},"end":{"line":66,"column":3}},"type":"if","locations":[{"start":{"line":64,"column":2},"end":{"line":66,"column":3}}]},"11":{"loc":{"start":{"line":64,"column":6},"end":{"line":64,"column":57}},"type":"binary-expr","locations":[{"start":{"line":64,"column":6},"end":{"line":64,"column":20}},{"start":{"line":64,"column":24},"end":{"line":64,"column":57}}]},"12":{"loc":{"start":{"line":68,"column":2},"end":{"line":70,"column":3}},"type":"if","locations":[{"start":{"line":68,"column":2},"end":{"line":70,"column":3}}]},"13":{"loc":{"start":{"line":68,"column":6},"end":{"line":68,"column":49}},"type":"binary-expr","locations":[{"start":{"line":68,"column":6},"end":{"line":68,"column":18}},{"start":{"line":68,"column":22},"end":{"line":68,"column":49}}]},"14":{"loc":{"start":{"line":72,"column":2},"end":{"line":74,"column":3}},"type":"if","locations":[{"start":{"line":72,"column":2},"end":{"line":74,"column":3}}]},"15":{"loc":{"start":{"line":72,"column":6},"end":{"line":72,"column":53}},"type":"binary-expr","locations":[{"start":{"line":72,"column":6},"end":{"line":72,"column":28}},{"start":{"line":72,"column":32},"end":{"line":72,"column":53}}]},"16":{"loc":{"start":{"line":76,"column":2},"end":{"line":78,"column":3}},"type":"if","locations":[{"start":{"line":76,"column":2},"end":{"line":78,"column":3}}]},"17":{"loc":{"start":{"line":76,"column":6},"end":{"line":76,"column":59}},"type":"binary-expr","locations":[{"start":{"line":76,"column":6},"end":{"line":76,"column":30}},{"start":{"line":76,"column":34},"end":{"line":76,"column":59}}]},"18":{"loc":{"start":{"line":80,"column":2},"end":{"line":82,"column":3}},"type":"if","locations":[{"start":{"line":80,"column":2},"end":{"line":82,"column":3}}]},"19":{"loc":{"start":{"line":80,"column":6},"end":{"line":80,"column":65}},"type":"binary-expr","locations":[{"start":{"line":80,"column":6},"end":{"line":80,"column":27}},{"start":{"line":80,"column":31},"end":{"line":80,"column":65}}]},"20":{"loc":{"start":{"line":84,"column":2},"end":{"line":86,"column":3}},"type":"if","locations":[{"start":{"line":84,"column":2},"end":{"line":86,"column":3}}]},"21":{"loc":{"start":{"line":84,"column":6},"end":{"line":84,"column":83}},"type":"binary-expr","locations":[{"start":{"line":84,"column":6},"end":{"line":84,"column":38}},{"start":{"line":84,"column":42},"end":{"line":84,"column":83}}]},"22":{"loc":{"start":{"line":88,"column":2},"end":{"line":90,"column":3}},"type":"if","locations":[{"start":{"line":88,"column":2},"end":{"line":90,"column":3}}]},"23":{"loc":{"start":{"line":88,"column":6},"end":{"line":88,"column":53}},"type":"binary-expr","locations":[{"start":{"line":88,"column":6},"end":{"line":88,"column":18}},{"start":{"line":88,"column":22},"end":{"line":88,"column":53}}]},"24":{"loc":{"start":{"line":92,"column":2},"end":{"line":94,"column":3}},"type":"if","locations":[{"start":{"line":92,"column":2},"end":{"line":94,"column":3}}]},"25":{"loc":{"start":{"line":92,"column":6},"end":{"line":92,"column":53}},"type":"binary-expr","locations":[{"start":{"line":92,"column":6},"end":{"line":92,"column":21}},{"start":{"line":92,"column":25},"end":{"line":92,"column":53}}]},"26":{"loc":{"start":{"line":96,"column":2},"end":{"line":98,"column":3}},"type":"if","locations":[{"start":{"line":96,"column":2},"end":{"line":98,"column":3}}]},"27":{"loc":{"start":{"line":96,"column":6},"end":{"line":96,"column":45}},"type":"binary-expr","locations":[{"start":{"line":96,"column":6},"end":{"line":96,"column":16}},{"start":{"line":96,"column":20},"end":{"line":96,"column":45}}]},"28":{"loc":{"start":{"line":109,"column":28},"end":{"line":109,"column":48}},"type":"default-arg","locations":[{"start":{"line":109,"column":37},"end":{"line":109,"column":48}}]},"29":{"loc":{"start":{"line":109,"column":50},"end":{"line":109,"column":63}},"type":"default-arg","locations":[{"start":{"line":109,"column":58},"end":{"line":109,"column":63}}]},"30":{"loc":{"start":{"line":113,"column":4},"end":{"line":115,"column":5}},"type":"if","locations":[{"start":{"line":113,"column":4},"end":{"line":115,"column":5}}]},"31":{"loc":{"start":{"line":117,"column":4},"end":{"line":122,"column":5}},"type":"if","locations":[{"start":{"line":117,"column":4},"end":{"line":122,"column":5}}]},"32":{"loc":{"start":{"line":129,"column":6},"end":{"line":133,"column":7}},"type":"if","locations":[{"start":{"line":129,"column":6},"end":{"line":133,"column":7}}]},"33":{"loc":{"start":{"line":129,"column":10},"end":{"line":129,"column":66}},"type":"binary-expr","locations":[{"start":{"line":129,"column":10},"end":{"line":129,"column":36}},{"start":{"line":129,"column":40},"end":{"line":129,"column":66}}]},"34":{"loc":{"start":{"line":130,"column":15},"end":{"line":132,"column":40}},"type":"cond-expr","locations":[{"start":{"line":131,"column":12},"end":{"line":131,"column":40}},{"start":{"line":132,"column":12},"end":{"line":132,"column":40}}]},"35":{"loc":{"start":{"line":135,"column":13},"end":{"line":137,"column":49}},"type":"cond-expr","locations":[{"start":{"line":136,"column":11},"end":{"line":136,"column":49}},{"start":{"line":137,"column":11},"end":{"line":137,"column":49}}]},"36":{"loc":{"start":{"line":153,"column":4},"end":{"line":155,"column":5}},"type":"if","locations":[{"start":{"line":153,"column":4},"end":{"line":155,"column":5}}]},"37":{"loc":{"start":{"line":169,"column":4},"end":{"line":171,"column":5}},"type":"if","locations":[{"start":{"line":169,"column":4},"end":{"line":171,"column":5}}]},"38":{"loc":{"start":{"line":184,"column":13},"end":{"line":184,"column":33}},"type":"binary-expr","locations":[{"start":{"line":184,"column":13},"end":{"line":184,"column":27}},{"start":{"line":184,"column":31},"end":{"line":184,"column":33}}]},"39":{"loc":{"start":{"line":199,"column":4},"end":{"line":201,"column":5}},"type":"if","locations":[{"start":{"line":199,"column":4},"end":{"line":201,"column":5}}]},"40":{"loc":{"start":{"line":204,"column":4},"end":{"line":206,"column":5}},"type":"if","locations":[{"start":{"line":204,"column":4},"end":{"line":206,"column":5}}]},"41":{"loc":{"start":{"line":223,"column":4},"end":{"line":225,"column":5}},"type":"if","locations":[{"start":{"line":223,"column":4},"end":{"line":225,"column":5}}]},"42":{"loc":{"start":{"line":230,"column":4},"end":{"line":232,"column":5}},"type":"if","locations":[{"start":{"line":230,"column":4},"end":{"line":232,"column":5}}]},"43":{"loc":{"start":{"line":230,"column":8},"end":{"line":230,"column":80}},"type":"binary-expr","locations":[{"start":{"line":230,"column":8},"end":{"line":230,"column":39}},{"start":{"line":230,"column":43},"end":{"line":230,"column":80}}]},"44":{"loc":{"start":{"line":234,"column":4},"end":{"line":236,"column":5}},"type":"if","locations":[{"start":{"line":234,"column":4},"end":{"line":236,"column":5}}]},"45":{"loc":{"start":{"line":234,"column":8},"end":{"line":234,"column":78}},"type":"binary-expr","locations":[{"start":{"line":234,"column":8},"end":{"line":234,"column":38}},{"start":{"line":234,"column":42},"end":{"line":234,"column":78}}]},"46":{"loc":{"start":{"line":238,"column":4},"end":{"line":240,"column":5}},"type":"if","locations":[{"start":{"line":238,"column":4},"end":{"line":240,"column":5}}]},"47":{"loc":{"start":{"line":238,"column":8},"end":{"line":238,"column":70}},"type":"binary-expr","locations":[{"start":{"line":238,"column":8},"end":{"line":238,"column":36}},{"start":{"line":238,"column":40},"end":{"line":238,"column":70}}]},"48":{"loc":{"start":{"line":242,"column":4},"end":{"line":244,"column":5}},"type":"if","locations":[{"start":{"line":242,"column":4},"end":{"line":244,"column":5}}]},"49":{"loc":{"start":{"line":242,"column":8},"end":{"line":242,"column":61}},"type":"binary-expr","locations":[{"start":{"line":242,"column":8},"end":{"line":242,"column":33}},{"start":{"line":242,"column":37},"end":{"line":242,"column":61}}]},"50":{"loc":{"start":{"line":246,"column":4},"end":{"line":248,"column":5}},"type":"if","locations":[{"start":{"line":246,"column":4},"end":{"line":248,"column":5}}]},"51":{"loc":{"start":{"line":246,"column":8},"end":{"line":246,"column":67}},"type":"binary-expr","locations":[{"start":{"line":246,"column":8},"end":{"line":246,"column":35}},{"start":{"line":246,"column":39},"end":{"line":246,"column":67}}]},"52":{"loc":{"start":{"line":250,"column":4},"end":{"line":252,"column":5}},"type":"if","locations":[{"start":{"line":250,"column":4},"end":{"line":252,"column":5}}]},"53":{"loc":{"start":{"line":250,"column":8},"end":{"line":250,"column":86}},"type":"binary-expr","locations":[{"start":{"line":250,"column":8},"end":{"line":250,"column":45}},{"start":{"line":250,"column":49},"end":{"line":250,"column":86}}]},"54":{"loc":{"start":{"line":254,"column":4},"end":{"line":256,"column":5}},"type":"if","locations":[{"start":{"line":254,"column":4},"end":{"line":256,"column":5}}]},"55":{"loc":{"start":{"line":254,"column":8},"end":{"line":254,"column":91}},"type":"binary-expr","locations":[{"start":{"line":254,"column":8},"end":{"line":254,"column":43}},{"start":{"line":254,"column":47},"end":{"line":254,"column":91}}]},"56":{"loc":{"start":{"line":258,"column":4},"end":{"line":260,"column":5}},"type":"if","locations":[{"start":{"line":258,"column":4},"end":{"line":260,"column":5}}]},"57":{"loc":{"start":{"line":258,"column":8},"end":{"line":258,"column":74}},"type":"binary-expr","locations":[{"start":{"line":258,"column":8},"end":{"line":258,"column":36}},{"start":{"line":258,"column":40},"end":{"line":258,"column":74}}]},"58":{"loc":{"start":{"line":262,"column":4},"end":{"line":266,"column":5}},"type":"if","locations":[{"start":{"line":262,"column":4},"end":{"line":266,"column":5}}]},"59":{"loc":{"start":{"line":263,"column":6},"end":{"line":265,"column":7}},"type":"if","locations":[{"start":{"line":263,"column":6},"end":{"line":265,"column":7}}]},"60":{"loc":{"start":{"line":268,"column":4},"end":{"line":270,"column":5}},"type":"if","locations":[{"start":{"line":268,"column":4},"end":{"line":270,"column":5}}]},"61":{"loc":{"start":{"line":268,"column":8},"end":{"line":268,"column":67}},"type":"binary-expr","locations":[{"start":{"line":268,"column":8},"end":{"line":268,"column":35}},{"start":{"line":268,"column":39},"end":{"line":268,"column":67}}]},"62":{"loc":{"start":{"line":272,"column":4},"end":{"line":274,"column":5}},"type":"if","locations":[{"start":{"line":272,"column":4},"end":{"line":274,"column":5}}]},"63":{"loc":{"start":{"line":290,"column":4},"end":{"line":292,"column":5}},"type":"if","locations":[{"start":{"line":290,"column":4},"end":{"line":292,"column":5}}]}},"s":{"0":1,"1":1,"2":7,"3":7,"4":1,"5":7,"6":1,"7":8,"8":1,"9":7,"10":1,"11":7,"12":0,"13":7,"14":7,"15":7,"16":0,"17":1,"18":14,"19":0,"20":14,"21":14,"22":0,"23":14,"24":14,"25":14,"26":14,"27":14,"28":0,"29":14,"30":14,"31":1,"32":7,"33":7,"34":1,"35":7,"36":0,"37":7,"38":0,"39":7,"40":1,"41":7,"42":0,"43":7,"44":0,"45":7,"46":0,"47":7,"48":0,"49":7,"50":0,"51":7,"52":0,"53":7,"54":1,"55":4,"56":4,"57":4,"58":4,"59":1,"60":3,"61":4,"62":0,"63":0,"64":0,"65":4,"66":1,"67":1,"68":1,"69":1,"70":0,"71":3,"72":1,"73":1,"74":1,"75":3,"76":3,"77":3,"78":1,"79":2,"80":1,"81":1,"82":1,"83":1,"84":1,"85":3,"86":3,"87":3,"88":1,"89":2,"90":2,"91":1,"92":1,"93":1,"94":1,"95":4,"96":4,"97":4,"98":4,"99":1,"100":3,"101":1,"102":2,"103":1,"104":1,"105":1,"106":1,"107":1,"108":1,"109":3,"110":3,"111":3,"112":3,"113":2,"114":2,"115":0,"116":2,"117":2,"118":0,"119":2,"120":0,"121":2,"122":0,"123":2,"124":1,"125":2,"126":0,"127":2,"128":0,"129":2,"130":0,"131":2,"132":0,"133":2,"134":0,"135":0,"136":2,"137":0,"138":2,"139":1,"140":1,"141":1,"142":1,"143":1,"144":1,"145":3,"146":3,"147":3,"148":1,"149":2,"150":1,"151":1,"152":1,"153":1,"154":1},"f":{"0":7,"1":7,"2":8,"3":7,"4":7,"5":14,"6":7,"7":4,"8":3,"9":0,"10":1,"11":3,"12":1,"13":3,"14":4,"15":1,"16":3,"17":2,"18":3,"19":1},"b":{"0":[7,7,7],"1":[8,8,6],"2":[7,7],"3":[0],"4":[0],"5":[0],"6":[0],"7":[14,14,14,14,14],"8":[1],"9":[7,6],"10":[0],"11":[7,7],"12":[0],"13":[7,7],"14":[1],"15":[7,7],"16":[0],"17":[7,7],"18":[0],"19":[7,7],"20":[0],"21":[7,7],"22":[0],"23":[7,7],"24":[0],"25":[7,7],"26":[0],"27":[7,7],"28":[3],"29":[3],"30":[1],"31":[0],"32":[1],"33":[1,1],"34":[1,0],"35":[0,0],"36":[1],"37":[1],"38":[2,0],"39":[1],"40":[1],"41":[0],"42":[0],"43":[2,0],"44":[0],"45":[2,1],"46":[0],"47":[2,0],"48":[1],"49":[2,1],"50":[0],"51":[2,0],"52":[0],"53":[2,0],"54":[0],"55":[2,0],"56":[0],"57":[2,0],"58":[0],"59":[0],"60":[0],"61":[2,0],"62":[1],"63":[1]}}
,"C:\\Users\\User\\Desktop\\An2Sem2\\MPP\\BasketballRef\\backend\\src\\data\\refereesData.ts": {"path":"C:\\Users\\User\\Desktop\\An2Sem2\\MPP\\BasketballRef\\backend\\src\\data\\refereesData.ts","statementMap":{"0":{"start":{"line":4,"column":11},"end":{"line":200,"column":2}}},"fnMap":{},"branchMap":{},"s":{"0":1},"f":{},"b":{}}
}
