TN:
SF:src\controllers\refereesController.ts
FN:9,(anonymous_0)
FN:14,(anonymous_1)
FN:18,(anonymous_2)
FN:22,(anonymous_3)
FN:26,(anonymous_4)
FN:36,(anonymous_5)
FN:56,(anonymous_6)
FN:107,(anonymous_7)
FN:114,(anonymous_8)
FN:119,(anonymous_9)
FN:125,(anonymous_10)
FN:148,(anonymous_11)
FN:151,(anonymous_12)
FN:166,(anonymous_13)
FN:195,(anonymous_14)
FN:203,(anonymous_15)
FN:217,(anonymous_16)
FN:221,(anonymous_17)
FN:285,(anonymous_18)
FN:288,(anonymous_19)
FNF:20
FNH:19
FNDA:7,(anonymous_0)
FNDA:7,(anonymous_1)
FNDA:8,(anonymous_2)
FNDA:7,(anonymous_3)
FNDA:7,(anonymous_4)
FNDA:14,(anonymous_5)
FNDA:7,(anonymous_6)
FNDA:4,(anonymous_7)
FNDA:3,(anonymous_8)
FNDA:0,(anonymous_9)
FNDA:1,(anonymous_10)
FNDA:3,(anonymous_11)
FNDA:1,(anonymous_12)
FNDA:3,(anonymous_13)
FNDA:4,(anonymous_14)
FNDA:1,(anonymous_15)
FNDA:3,(anonymous_16)
FNDA:2,(anonymous_17)
FNDA:3,(anonymous_18)
FNDA:1,(anonymous_19)
DA:4,1
DA:9,1
DA:10,7
DA:11,7
DA:14,1
DA:15,7
DA:18,1
DA:19,8
DA:22,1
DA:23,7
DA:26,1
DA:27,7
DA:28,7
DA:29,7
DA:30,7
DA:32,0
DA:36,1
DA:37,14
DA:38,14
DA:39,14
DA:40,0
DA:42,14
DA:43,14
DA:44,14
DA:45,14
DA:48,14
DA:49,0
DA:52,14
DA:53,14
DA:56,1
DA:57,7
DA:60,7
DA:61,1
DA:64,7
DA:65,0
DA:68,7
DA:69,0
DA:72,7
DA:73,1
DA:76,7
DA:77,0
DA:80,7
DA:81,0
DA:84,7
DA:85,0
DA:88,7
DA:89,0
DA:92,7
DA:93,0
DA:96,7
DA:97,0
DA:100,7
DA:107,1
DA:108,4
DA:109,4
DA:110,4
DA:113,4
DA:114,3
DA:117,4
DA:118,0
DA:119,0
DA:120,0
DA:125,4
DA:126,1
DA:127,1
DA:129,1
DA:130,1
DA:135,0
DA:141,3
DA:143,1
DA:148,1
DA:149,3
DA:150,3
DA:151,3
DA:153,2
DA:154,1
DA:158,1
DA:161,1
DA:166,1
DA:167,3
DA:168,3
DA:169,3
DA:170,1
DA:173,2
DA:187,2
DA:188,1
DA:190,1
DA:195,1
DA:196,4
DA:197,4
DA:198,4
DA:199,4
DA:200,1
DA:203,3
DA:204,2
DA:205,1
DA:208,1
DA:210,1
DA:212,1
DA:217,1
DA:218,3
DA:219,3
DA:220,3
DA:221,3
DA:223,2
DA:224,0
DA:228,2
DA:230,2
DA:231,0
DA:234,2
DA:235,0
DA:238,2
DA:239,0
DA:242,2
DA:243,1
DA:246,2
DA:247,0
DA:250,2
DA:251,0
DA:254,2
DA:255,0
DA:258,2
DA:259,0
DA:262,2
DA:263,0
DA:264,0
DA:268,2
DA:269,0
DA:272,2
DA:273,1
DA:276,1
DA:278,1
DA:280,1
DA:285,1
DA:286,3
DA:287,3
DA:288,3
DA:290,2
DA:291,1
DA:294,1
DA:295,1
DA:298,1
LF:142
LH:116
BRDA:15,0,0,7
BRDA:15,0,1,7
BRDA:15,0,2,7
BRDA:19,1,0,8
BRDA:19,1,1,8
BRDA:19,1,2,6
BRDA:23,2,0,7
BRDA:23,2,1,7
BRDA:27,3,0,0
BRDA:37,4,0,0
BRDA:39,5,0,0
BRDA:48,6,0,0
BRDA:48,7,0,14
BRDA:48,7,1,14
BRDA:48,7,2,14
BRDA:48,7,3,14
BRDA:48,7,4,14
BRDA:60,8,0,1
BRDA:60,9,0,7
BRDA:60,9,1,6
BRDA:64,10,0,0
BRDA:64,11,0,7
BRDA:64,11,1,7
BRDA:68,12,0,0
BRDA:68,13,0,7
BRDA:68,13,1,7
BRDA:72,14,0,1
BRDA:72,15,0,7
BRDA:72,15,1,7
BRDA:76,16,0,0
BRDA:76,17,0,7
BRDA:76,17,1,7
BRDA:80,18,0,0
BRDA:80,19,0,7
BRDA:80,19,1,7
BRDA:84,20,0,0
BRDA:84,21,0,7
BRDA:84,21,1,7
BRDA:88,22,0,0
BRDA:88,23,0,7
BRDA:88,23,1,7
BRDA:92,24,0,0
BRDA:92,25,0,7
BRDA:92,25,1,7
BRDA:96,26,0,0
BRDA:96,27,0,7
BRDA:96,27,1,7
BRDA:109,28,0,3
BRDA:109,29,0,3
BRDA:113,30,0,1
BRDA:117,31,0,0
BRDA:129,32,0,1
BRDA:129,33,0,1
BRDA:129,33,1,1
BRDA:130,34,0,1
BRDA:130,34,1,0
BRDA:135,35,0,0
BRDA:135,35,1,0
BRDA:153,36,0,1
BRDA:169,37,0,1
BRDA:184,38,0,2
BRDA:184,38,1,0
BRDA:199,39,0,1
BRDA:204,40,0,1
BRDA:223,41,0,0
BRDA:230,42,0,0
BRDA:230,43,0,2
BRDA:230,43,1,0
BRDA:234,44,0,0
BRDA:234,45,0,2
BRDA:234,45,1,1
BRDA:238,46,0,0
BRDA:238,47,0,2
BRDA:238,47,1,0
BRDA:242,48,0,1
BRDA:242,49,0,2
BRDA:242,49,1,1
BRDA:246,50,0,0
BRDA:246,51,0,2
BRDA:246,51,1,0
BRDA:250,52,0,0
BRDA:250,53,0,2
BRDA:250,53,1,0
BRDA:254,54,0,0
BRDA:254,55,0,2
BRDA:254,55,1,0
BRDA:258,56,0,0
BRDA:258,57,0,2
BRDA:258,57,1,0
BRDA:262,58,0,0
BRDA:263,59,0,0
BRDA:268,60,0,0
BRDA:268,61,0,2
BRDA:268,61,1,0
BRDA:272,62,0,1
BRDA:290,63,0,1
BRF:96
BRH:61
end_of_record
TN:
SF:src\data\refereesData.ts
FNF:0
FNH:0
DA:4,1
LF:1
LH:1
BRF:0
BRH:0
end_of_record
